[debug] [2022-09-07T05:56:56.496Z] ----------------------------------------------------------------------
[debug] [2022-09-07T05:56:56.498Z] Command:       C:\Program Files\nodejs\node.exe C:\Users\moham\AppData\Roaming\npm\node_modules\firebase-tools\lib\bin\firebase.js init
[debug] [2022-09-07T05:56:56.499Z] CLI Version:   11.8.0
[debug] [2022-09-07T05:56:56.499Z] Platform:      win32
[debug] [2022-09-07T05:56:56.499Z] Node Version:  v16.17.0
[debug] [2022-09-07T05:56:56.500Z] Time:          Wed Sep 07 2022 11:26:56 GMT+0530 (India Standard Time)
[debug] [2022-09-07T05:56:56.500Z] ----------------------------------------------------------------------
[debug] 
[debug] [2022-09-07T05:56:56.509Z] > command requires scopes: ["email","openid","https://www.googleapis.com/auth/cloudplatformprojects.readonly","https://www.googleapis.com/auth/firebase","https://www.googleapis.com/auth/cloud-platform"]
[debug] [2022-09-07T05:56:56.509Z] > authorizing via signed-in user (mohamedhasim.official@gmail.com)
[info] 
     ######## #### ########  ######## ########     ###     ######  ########
     ##        ##  ##     ## ##       ##     ##  ##   ##  ##       ##
     ######    ##  ########  ######   ########  #########  ######  ######
     ##        ##  ##    ##  ##       ##     ## ##     ##       ## ##
     ##       #### ##     ## ######## ########  ##     ##  ######  ########

You're about to initialize a Firebase project in this directory:

  C:\hasim\product\ecom

Before we get started, keep in mind:

  * You are currently outside your home directory

[info] 
=== Project Setup
[info] 
[info] First, let's associate this project directory with a Firebase project.
[info] You can create multiple project aliases by running firebase use --add, 
[info] but for now we'll just set up a default project.
[info] 
[debug] [2022-09-07T05:57:01.414Z] Using project from CLI flag: e-commerce-basic
[debug] [2022-09-07T05:57:01.417Z] >>> [apiv2][query] GET https://firebase.googleapis.com/v1beta1/projects/e-commerce-basic [none]
[debug] [2022-09-07T05:57:01.973Z] <<< [apiv2][status] GET https://firebase.googleapis.com/v1beta1/projects/e-commerce-basic 403
[debug] [2022-09-07T05:57:01.973Z] <<< [apiv2][body] GET https://firebase.googleapis.com/v1beta1/projects/e-commerce-basic {"error":{"code":403,"message":"The caller does not have permission","status":"PERMISSION_DENIED"}}
[debug] [2022-09-07T05:57:01.974Z] HTTP Error: 403, The caller does not have permission
[debug] [2022-09-07T05:57:02.449Z] FirebaseError: HTTP Error: 403, The caller does not have permission
    at responseToError (C:\Users\moham\AppData\Roaming\npm\node_modules\firebase-tools\lib\responseToError.js:49:12)
    at RetryOperation._fn (C:\Users\moham\AppData\Roaming\npm\node_modules\firebase-tools\lib\apiv2.js:288:77)
    at processTicksAndRejections (node:internal/process/task_queues:96:5)
[error] 
[error] Error: Failed to get Firebase project e-commerce-basic. Please make sure the project exists and your account has permission to access it.
